2023-10-26 10:18:55:219 [main] INFO  org.example.OSSTest(StartupInfoLogger.java 51) -Starting OSSTest using Java 17.0.8 with PID 14560 (started by banxing in D:\javaFile\FirstBlog\blog)
2023-10-26 10:18:55:221 [main] INFO  org.example.OSSTest(SpringApplication.java 634) -No active profile set, falling back to 1 default profile: "default"
2023-10-26 10:18:56:122 [main] INFO  o.s.d.r.config.RepositoryConfigurationDelegate(RepositoryConfigurationDelegate.java 291) -Multiple Spring Data modules found, entering strict repository configuration mode
2023-10-26 10:18:56:126 [main] INFO  o.s.d.r.config.RepositoryConfigurationDelegate(RepositoryConfigurationDelegate.java 138) -Bootstrapping Spring Data Redis repositories in DEFAULT mode.
2023-10-26 10:18:56:178 [main] INFO  o.s.d.r.config.RepositoryConfigurationDelegate(RepositoryConfigurationDelegate.java 208) -Finished Spring Data repository scanning in 16 ms. Found 0 Redis repository interfaces.
2023-10-26 10:18:58:717 [main] INFO  o.s.security.web.DefaultSecurityFilterChain(DefaultSecurityFilterChain.java 54) -Will secure any request with [org.springframework.security.web.session.DisableEncodeUrlFilter@54970127, org.springframework.security.web.context.request.async.WebAsyncManagerIntegrationFilter@3c4c7e51, org.springframework.security.web.context.SecurityContextHolderFilter@7db06c50, org.springframework.security.web.header.HeaderWriterFilter@11b14ae3, org.springframework.web.filter.CorsFilter@749ee0e3, org.example.filter.JwtAuthenticationTokenFilter@3355b8ff, org.springframework.security.web.savedrequest.RequestCacheAwareFilter@b340615, org.springframework.security.web.servletapi.SecurityContextHolderAwareRequestFilter@5bdb6ea8, org.springframework.security.web.authentication.AnonymousAuthenticationFilter@7891cf3, org.springframework.security.web.session.SessionManagementFilter@7de2bdc7, org.springframework.security.web.access.ExceptionTranslationFilter@11a67420, org.springframework.security.web.access.intercept.AuthorizationFilter@52035328]
2023-10-26 10:19:00:889 [main] INFO  org.example.OSSTest(StartupInfoLogger.java 57) -Started OSSTest in 6.068 seconds (process running for 7.311)
2023-10-26 10:19:00:939 [main] INFO  com.zaxxer.hikari.HikariDataSource(HikariDataSource.java 110) -HikariPool-1 - Starting...
2023-10-26 10:19:01:263 [main] INFO  com.zaxxer.hikari.pool.HikariPool(HikariPool.java 565) -HikariPool-1 - Added connection com.mysql.cj.jdbc.ConnectionImpl@6158113e
2023-10-26 10:19:01:265 [main] INFO  com.zaxxer.hikari.HikariDataSource(HikariDataSource.java 123) -HikariPool-1 - Start completed.
2023-10-26 10:19:01:756 [main] INFO  o.s.b.a.logging.ConditionEvaluationReportLogger(ConditionEvaluationReportLogger.java 82) -

Error starting ApplicationContext. To display the condition evaluation report re-run your application with 'debug' enabled.
2023-10-26 10:19:01:905 [main] INFO  com.zaxxer.hikari.HikariDataSource(HikariDataSource.java 350) -HikariPool-1 - Shutdown initiated...
2023-10-26 10:19:01:922 [main] INFO  com.zaxxer.hikari.HikariDataSource(HikariDataSource.java 352) -HikariPool-1 - Shutdown completed.
2023-10-26 10:21:55:487 [main] INFO  org.example.OSSTest(StartupInfoLogger.java 51) -Starting OSSTest using Java 17.0.8 with PID 23064 (started by banxing in D:\javaFile\FirstBlog\blog)
2023-10-26 10:21:55:488 [main] INFO  org.example.OSSTest(SpringApplication.java 634) -No active profile set, falling back to 1 default profile: "default"
2023-10-26 10:21:56:231 [main] INFO  o.s.d.r.config.RepositoryConfigurationDelegate(RepositoryConfigurationDelegate.java 291) -Multiple Spring Data modules found, entering strict repository configuration mode
2023-10-26 10:21:56:234 [main] INFO  o.s.d.r.config.RepositoryConfigurationDelegate(RepositoryConfigurationDelegate.java 138) -Bootstrapping Spring Data Redis repositories in DEFAULT mode.
2023-10-26 10:21:56:265 [main] INFO  o.s.d.r.config.RepositoryConfigurationDelegate(RepositoryConfigurationDelegate.java 208) -Finished Spring Data repository scanning in 10 ms. Found 0 Redis repository interfaces.
2023-10-26 10:21:58:637 [main] INFO  o.s.security.web.DefaultSecurityFilterChain(DefaultSecurityFilterChain.java 54) -Will secure any request with [org.springframework.security.web.session.DisableEncodeUrlFilter@12d35bc9, org.springframework.security.web.context.request.async.WebAsyncManagerIntegrationFilter@1df32c09, org.springframework.security.web.context.SecurityContextHolderFilter@813ab53, org.springframework.security.web.header.HeaderWriterFilter@58e5fbe5, org.springframework.web.filter.CorsFilter@1aa31454, org.example.filter.JwtAuthenticationTokenFilter@5c3710b3, org.springframework.security.web.savedrequest.RequestCacheAwareFilter@62c47480, org.springframework.security.web.servletapi.SecurityContextHolderAwareRequestFilter@7db06c50, org.springframework.security.web.authentication.AnonymousAuthenticationFilter@5a8656a2, org.springframework.security.web.session.SessionManagementFilter@1ab85862, org.springframework.security.web.access.ExceptionTranslationFilter@54e18a46, org.springframework.security.web.access.intercept.AuthorizationFilter@3b77940f]
2023-10-26 10:22:00:911 [main] INFO  org.example.OSSTest(StartupInfoLogger.java 57) -Started OSSTest in 5.746 seconds (process running for 6.498)
2023-10-26 10:22:01:025 [main] INFO  com.zaxxer.hikari.HikariDataSource(HikariDataSource.java 110) -HikariPool-1 - Starting...
2023-10-26 10:22:01:360 [main] INFO  com.zaxxer.hikari.pool.HikariPool(HikariPool.java 565) -HikariPool-1 - Added connection com.mysql.cj.jdbc.ConnectionImpl@2bfa5678
2023-10-26 10:22:01:361 [main] INFO  com.zaxxer.hikari.HikariDataSource(HikariDataSource.java 123) -HikariPool-1 - Start completed.
2023-10-26 10:22:03:685 [SpringApplicationShutdownHook] INFO  com.zaxxer.hikari.HikariDataSource(HikariDataSource.java 350) -HikariPool-1 - Shutdown initiated...
2023-10-26 10:22:03:692 [SpringApplicationShutdownHook] INFO  com.zaxxer.hikari.HikariDataSource(HikariDataSource.java 352) -HikariPool-1 - Shutdown completed.
2023-10-26 10:49:54:726 [main] INFO  org.example.OSSTest(StartupInfoLogger.java 51) -Starting OSSTest using Java 17.0.8 with PID 7452 (started by banxing in D:\javaFile\FirstBlog\blog)
2023-10-26 10:49:54:728 [main] INFO  org.example.OSSTest(SpringApplication.java 634) -No active profile set, falling back to 1 default profile: "default"
2023-10-26 10:49:55:526 [main] INFO  o.s.d.r.config.RepositoryConfigurationDelegate(RepositoryConfigurationDelegate.java 291) -Multiple Spring Data modules found, entering strict repository configuration mode
2023-10-26 10:49:55:529 [main] INFO  o.s.d.r.config.RepositoryConfigurationDelegate(RepositoryConfigurationDelegate.java 138) -Bootstrapping Spring Data Redis repositories in DEFAULT mode.
2023-10-26 10:49:55:558 [main] INFO  o.s.d.r.config.RepositoryConfigurationDelegate(RepositoryConfigurationDelegate.java 208) -Finished Spring Data repository scanning in 9 ms. Found 0 Redis repository interfaces.
2023-10-26 10:49:58:080 [main] INFO  o.s.security.web.DefaultSecurityFilterChain(DefaultSecurityFilterChain.java 54) -Will secure any request with [org.springframework.security.web.session.DisableEncodeUrlFilter@9499643, org.springframework.security.web.context.request.async.WebAsyncManagerIntegrationFilter@776d8097, org.springframework.security.web.context.SecurityContextHolderFilter@663cf5d7, org.springframework.security.web.header.HeaderWriterFilter@46a97805, org.springframework.web.filter.CorsFilter@7a34505a, org.example.filter.JwtAuthenticationTokenFilter@34bddf43, org.springframework.security.web.savedrequest.RequestCacheAwareFilter@2b6ee447, org.springframework.security.web.servletapi.SecurityContextHolderAwareRequestFilter@4f356b98, org.springframework.security.web.authentication.AnonymousAuthenticationFilter@b787274, org.springframework.security.web.session.SessionManagementFilter@6b33892a, org.springframework.security.web.access.ExceptionTranslationFilter@3abadb65, org.springframework.security.web.access.intercept.AuthorizationFilter@27055a2a]
2023-10-26 10:50:00:345 [main] INFO  org.example.OSSTest(StartupInfoLogger.java 57) -Started OSSTest in 5.986 seconds (process running for 6.814)
2023-10-26 10:50:00:388 [main] INFO  com.zaxxer.hikari.HikariDataSource(HikariDataSource.java 110) -HikariPool-1 - Starting...
2023-10-26 10:50:00:665 [main] INFO  com.zaxxer.hikari.pool.HikariPool(HikariPool.java 565) -HikariPool-1 - Added connection com.mysql.cj.jdbc.ConnectionImpl@7dda5b25
2023-10-26 10:50:00:666 [main] INFO  com.zaxxer.hikari.HikariDataSource(HikariDataSource.java 123) -HikariPool-1 - Start completed.
2023-10-26 10:50:03:391 [SpringApplicationShutdownHook] INFO  com.zaxxer.hikari.HikariDataSource(HikariDataSource.java 350) -HikariPool-1 - Shutdown initiated...
2023-10-26 10:50:03:397 [SpringApplicationShutdownHook] INFO  com.zaxxer.hikari.HikariDataSource(HikariDataSource.java 352) -HikariPool-1 - Shutdown completed.
